Removed Pin From Net: NetName=GND Pin=D?-2
Removed Pin From Net: NetName=GND Pin=D?-2
Removed Pin From Net: NetName=GND Pin=D?-2
Removed Pin From Net: NetName=GND Pin=D?-2
Removed Pin From Net: NetName=GND Pin=D?-2
Removed Pin From Net: NetName=GND Pin=D?-2
Removed Pin From Net: NetName=GND Pin=D?-2
Removed Pin From Net: NetName=GND Pin=D?-2
Added Component: Designator=D?(LED_5mm)
Add component (AddParameter): Name = "ComponentLink1Description"; Value = "Datasheet"; VariantName = "[No Variations]"
Add component (AddParameter): Name = "ComponentLink1URL"; Value = "https://www.kingbrightusa.com/images/catalog/SPEC/WP7113ND.pdf"; VariantName = "[No Variations]"
Add component (AddParameter): Name = "Manufacturer"; Value = "Kingbright"; VariantName = "[No Variations]"
Add component (AddParameter): Name = "Manufacturer Part Number"; Value = "WP7113ND"; VariantName = "[No Variations]"
Add component (AddParameter): Name = "Pricing 1"; Value = "1=0.67000, 10=0.41100, 100=0.23650, 1000=0.18508, 2000=0.16966, 5000=0.15423, 10000=0.14395, 25000=0.13881 (USD)"; VariantName = "[No Variations]"
Add component (AddParameter): Name = "Stock 1"; Value = "50"; VariantName = "[No Variations]"
Add component (AddParameter): Name = "Supplier 1"; Value = "Digi-Key"; VariantName = "[No Variations]"
Add component (AddParameter): Name = "Supplier Part Number 1"; Value = "754-1896-ND"; VariantName = "[No Variations]"
Added Component: Designator=D?(LED_5mm)
Add component (AddParameter): Name = "ComponentLink1Description"; Value = "Datasheet"; VariantName = "[No Variations]"
Add component (AddParameter): Name = "ComponentLink1URL"; Value = "https://www.kingbrightusa.com/images/catalog/SPEC/WP7113ND.pdf"; VariantName = "[No Variations]"
Add component (AddParameter): Name = "Manufacturer"; Value = "Kingbright"; VariantName = "[No Variations]"
Add component (AddParameter): Name = "Manufacturer Part Number"; Value = "WP7113ND"; VariantName = "[No Variations]"
Add component (AddParameter): Name = "Pricing 1"; Value = "1=0.67000, 10=0.41100, 100=0.23650, 1000=0.18508, 2000=0.16966, 5000=0.15423, 10000=0.14395, 25000=0.13881 (USD)"; VariantName = "[No Variations]"
Add component (AddParameter): Name = "Stock 1"; Value = "50"; VariantName = "[No Variations]"
Add component (AddParameter): Name = "Supplier 1"; Value = "Digi-Key"; VariantName = "[No Variations]"
Add component (AddParameter): Name = "Supplier Part Number 1"; Value = "754-1896-ND"; VariantName = "[No Variations]"
Added Component: Designator=D?(LED_5mm)
Add component (AddParameter): Name = "ComponentLink1Description"; Value = "Datasheet"; VariantName = "[No Variations]"
Add component (AddParameter): Name = "ComponentLink1URL"; Value = "https://www.kingbrightusa.com/images/catalog/SPEC/WP7113ND.pdf"; VariantName = "[No Variations]"
Add component (AddParameter): Name = "Manufacturer"; Value = "Kingbright"; VariantName = "[No Variations]"
Add component (AddParameter): Name = "Manufacturer Part Number"; Value = "WP7113ND"; VariantName = "[No Variations]"
Add component (AddParameter): Name = "Pricing 1"; Value = "1=0.67000, 10=0.41100, 100=0.23650, 1000=0.18508, 2000=0.16966, 5000=0.15423, 10000=0.14395, 25000=0.13881 (USD)"; VariantName = "[No Variations]"
Add component (AddParameter): Name = "Stock 1"; Value = "50"; VariantName = "[No Variations]"
Add component (AddParameter): Name = "Supplier 1"; Value = "Digi-Key"; VariantName = "[No Variations]"
Add component (AddParameter): Name = "Supplier Part Number 1"; Value = "754-1896-ND"; VariantName = "[No Variations]"
Added Component: Designator=D?(LED_5mm)
Add component (AddParameter): Name = "ComponentLink1Description"; Value = "Datasheet"; VariantName = "[No Variations]"
Add component (AddParameter): Name = "ComponentLink1URL"; Value = "https://www.kingbrightusa.com/images/catalog/SPEC/WP7113ND.pdf"; VariantName = "[No Variations]"
Add component (AddParameter): Name = "Manufacturer"; Value = "Kingbright"; VariantName = "[No Variations]"
Add component (AddParameter): Name = "Manufacturer Part Number"; Value = "WP7113ND"; VariantName = "[No Variations]"
Add component (AddParameter): Name = "Pricing 1"; Value = "1=0.67000, 10=0.41100, 100=0.23650, 1000=0.18508, 2000=0.16966, 5000=0.15423, 10000=0.14395, 25000=0.13881 (USD)"; VariantName = "[No Variations]"
Add component (AddParameter): Name = "Stock 1"; Value = "50"; VariantName = "[No Variations]"
Add component (AddParameter): Name = "Supplier 1"; Value = "Digi-Key"; VariantName = "[No Variations]"
Add component (AddParameter): Name = "Supplier Part Number 1"; Value = "754-1896-ND"; VariantName = "[No Variations]"
Added Component: Designator=D?(LED_5mm)
Add component (AddParameter): Name = "ComponentLink1Description"; Value = "Datasheet"; VariantName = "[No Variations]"
Add component (AddParameter): Name = "ComponentLink1URL"; Value = "https://www.kingbrightusa.com/images/catalog/SPEC/WP7113ND.pdf"; VariantName = "[No Variations]"
Add component (AddParameter): Name = "Manufacturer"; Value = "Kingbright"; VariantName = "[No Variations]"
Add component (AddParameter): Name = "Manufacturer Part Number"; Value = "WP7113ND"; VariantName = "[No Variations]"
Add component (AddParameter): Name = "Pricing 1"; Value = "1=0.67000, 10=0.41100, 100=0.23650, 1000=0.18508, 2000=0.16966, 5000=0.15423, 10000=0.14395, 25000=0.13881 (USD)"; VariantName = "[No Variations]"
Add component (AddParameter): Name = "Stock 1"; Value = "50"; VariantName = "[No Variations]"
Add component (AddParameter): Name = "Supplier 1"; Value = "Digi-Key"; VariantName = "[No Variations]"
Add component (AddParameter): Name = "Supplier Part Number 1"; Value = "754-1896-ND"; VariantName = "[No Variations]"
Added Component: Designator=D?(LED_5mm)
Add component (AddParameter): Name = "ComponentLink1Description"; Value = "Datasheet"; VariantName = "[No Variations]"
Add component (AddParameter): Name = "ComponentLink1URL"; Value = "https://www.kingbrightusa.com/images/catalog/SPEC/WP7113ND.pdf"; VariantName = "[No Variations]"
Add component (AddParameter): Name = "Manufacturer"; Value = "Kingbright"; VariantName = "[No Variations]"
Add component (AddParameter): Name = "Manufacturer Part Number"; Value = "WP7113ND"; VariantName = "[No Variations]"
Add component (AddParameter): Name = "Pricing 1"; Value = "1=0.67000, 10=0.41100, 100=0.23650, 1000=0.18508, 2000=0.16966, 5000=0.15423, 10000=0.14395, 25000=0.13881 (USD)"; VariantName = "[No Variations]"
Add component (AddParameter): Name = "Stock 1"; Value = "50"; VariantName = "[No Variations]"
Add component (AddParameter): Name = "Supplier 1"; Value = "Digi-Key"; VariantName = "[No Variations]"
Add component (AddParameter): Name = "Supplier Part Number 1"; Value = "754-1896-ND"; VariantName = "[No Variations]"
Added Component: Designator=D?(LED_5mm)
Add component (AddParameter): Name = "ComponentLink1Description"; Value = "Datasheet"; VariantName = "[No Variations]"
Add component (AddParameter): Name = "ComponentLink1URL"; Value = "https://www.kingbrightusa.com/images/catalog/SPEC/WP7113ND.pdf"; VariantName = "[No Variations]"
Add component (AddParameter): Name = "Manufacturer"; Value = "Kingbright"; VariantName = "[No Variations]"
Add component (AddParameter): Name = "Manufacturer Part Number"; Value = "WP7113ND"; VariantName = "[No Variations]"
Add component (AddParameter): Name = "Pricing 1"; Value = "1=0.67000, 10=0.41100, 100=0.23650, 1000=0.18508, 2000=0.16966, 5000=0.15423, 10000=0.14395, 25000=0.13881 (USD)"; VariantName = "[No Variations]"
Add component (AddParameter): Name = "Stock 1"; Value = "50"; VariantName = "[No Variations]"
Add component (AddParameter): Name = "Supplier 1"; Value = "Digi-Key"; VariantName = "[No Variations]"
Add component (AddParameter): Name = "Supplier Part Number 1"; Value = "754-1896-ND"; VariantName = "[No Variations]"
Added Component: Designator=D?(LED_5mm)
Add component (AddParameter): Name = "ComponentLink1Description"; Value = "Datasheet"; VariantName = "[No Variations]"
Add component (AddParameter): Name = "ComponentLink1URL"; Value = "https://www.kingbrightusa.com/images/catalog/SPEC/WP7113ND.pdf"; VariantName = "[No Variations]"
Add component (AddParameter): Name = "Manufacturer"; Value = "Kingbright"; VariantName = "[No Variations]"
Add component (AddParameter): Name = "Manufacturer Part Number"; Value = "WP7113ND"; VariantName = "[No Variations]"
Add component (AddParameter): Name = "Pricing 1"; Value = "1=0.67000, 10=0.41100, 100=0.23650, 1000=0.18508, 2000=0.16966, 5000=0.15423, 10000=0.14395, 25000=0.13881 (USD)"; VariantName = "[No Variations]"
Add component (AddParameter): Name = "Stock 1"; Value = "50"; VariantName = "[No Variations]"
Add component (AddParameter): Name = "Supplier 1"; Value = "Digi-Key"; VariantName = "[No Variations]"
Add component (AddParameter): Name = "Supplier Part Number 1"; Value = "754-1896-ND"; VariantName = "[No Variations]"
Added Pin To Net: NetName=GND Pin=D?-2
Added Pin To Net: NetName=GND Pin=D?-2
Added Pin To Net: NetName=GND Pin=D?-2
Added Pin To Net: NetName=GND Pin=D?-2
Added Pin To Net: NetName=GND Pin=D?-2
Added Pin To Net: NetName=GND Pin=D?-2
Added Pin To Net: NetName=GND Pin=D?-2
Added Pin To Net: NetName=GND Pin=D?-2
Added Member To Class: ClassName=[03] - 2560TK_Schematic Member=Component C? 22pF
Added Member To Class: ClassName=[03] - 2560TK_Schematic Member=Component C? 22pF
Added Member To Class: ClassName=[03] - 2560TK_Schematic Member=Component D? 1N4007FLTR
Added Member To Class: ClassName=[03] - 2560TK_Schematic Member=Component D? LED_5mm
Added Member To Class: ClassName=[03] - 2560TK_Schematic Member=Component D? 1N4007FLTR
Added Member To Class: ClassName=[03] - 2560TK_Schematic Member=Component D? 1N4007FLTR
Added Member To Class: ClassName=[03] - 2560TK_Schematic Member=Component D? 1N4007FLTR
Added Member To Class: ClassName=[03] - 2560TK_Schematic Member=Component D? 7SEG_1DG
Added Member To Class: ClassName=[03] - 2560TK_Schematic Member=Component D? LED_5mm
Added Member To Class: ClassName=[03] - 2560TK_Schematic Member=Component D? LED_5mm
Added Member To Class: ClassName=[03] - 2560TK_Schematic Member=Component D? 1N4007FLTR
Added Member To Class: ClassName=[03] - 2560TK_Schematic Member=Component D? LED_5mm
Added Member To Class: ClassName=[03] - 2560TK_Schematic Member=Component D? LED_5mm
Added Member To Class: ClassName=[03] - 2560TK_Schematic Member=Component D? LED_5mm
Added Member To Class: ClassName=[03] - 2560TK_Schematic Member=Component D? 1N4007FLTR
Added Member To Class: ClassName=[03] - 2560TK_Schematic Member=Component D? 1N4007FLTR
Added Member To Class: ClassName=[03] - 2560TK_Schematic Member=Component D? LED_5mm
Added Member To Class: ClassName=[03] - 2560TK_Schematic Member=Component D? 1N4007FLTR
Added Member To Class: ClassName=[03] - 2560TK_Schematic Member=Component D? LED_5mm
Added Member To Class: ClassName=[03] - 2560TK_Schematic Member=Component J? 282834-2
Added Member To Class: ClassName=[03] - 2560TK_Schematic Member=Component R? 10 kOhms
Added Member To Class: ClassName=[03] - 2560TK_Schematic Member=Component R? 330 Ohms
Added Member To Class: ClassName=[03] - 2560TK_Schematic Member=Component R? 10 kOhms
Added Member To Class: ClassName=[03] - 2560TK_Schematic Member=Component R? 220 Ohms
Added Member To Class: ClassName=[03] - 2560TK_Schematic Member=Component R? 330 Ohms
Added Member To Class: ClassName=[03] - 2560TK_Schematic Member=Component R? 10 kOhms
Added Member To Class: ClassName=[03] - 2560TK_Schematic Member=Component R? 330 Ohms
Added Member To Class: ClassName=[03] - 2560TK_Schematic Member=Component R? 4.7 kOhms
Added Member To Class: ClassName=[03] - 2560TK_Schematic Member=Component R? 330 Ohms
Added Member To Class: ClassName=[03] - 2560TK_Schematic Member=Component R? 330 Ohms
Added Member To Class: ClassName=[03] - 2560TK_Schematic Member=Component R? 220 Ohms
Added Member To Class: ClassName=[03] - 2560TK_Schematic Member=Component R? 330 Ohms
Added Member To Class: ClassName=[03] - 2560TK_Schematic Member=Component R? 330 Ohms
Added Member To Class: ClassName=[03] - 2560TK_Schematic Member=Component R? 220 Ohms
Added Member To Class: ClassName=[03] - 2560TK_Schematic Member=Component R? 330 Ohms
Added Member To Class: ClassName=[03] - 2560TK_Schematic Member=Component S? PTS645SM43SMTR92 LFS
Added Member To Class: ClassName=[03] - 2560TK_Schematic Member=Component S? PTS645SM43SMTR92 LFS
Added Member To Class: ClassName=[03] - 2560TK_Schematic Member=Component U? MC74HC595ADR2
Added Member To Class: ClassName=[03] - 2560TK_Schematic Member=Component U? L298N
Added Member To Class: ClassName=[03] - 2560TK_Schematic Member=Component U? DS3231SN
Added Room: Name=[03] - 2560TK_Schematic
