Change Component Designator: Old Designator=BH? New Designator=BH1
Change Component Designator: Old Designator=D? New Designator=D1
Change Component Designator: Old Designator=D? New Designator=D2
Change Component Designator: Old Designator=DS? New Designator=DS1
Change Component Designator: Old Designator=ESP? New Designator=ESP1
Change Component Designator: Old Designator=HT? New Designator=HT1
Change Component Designator: Old Designator=K? New Designator=K1
Change Component Designator: Old Designator=KP? New Designator=KP1
Change Component Designator: Old Designator=LS? New Designator=LS1
Change Component Designator: Old Designator=RV? New Designator=RV1
Change Component Designator: Old Designator=U? New Designator=U2
Change Component Designator: Old Designator=U? New Designator=U3
Change Component Designator: Old Designator=U? New Designator=U4
Change Component Designator: Old Designator=U? New Designator=U5
Change Component Designator: Old Designator=U? New Designator=U6
Change Component Designator: Old Designator=U? New Designator=U7
Change Component Designator: Old Designator=U? New Designator=U8
Change Component Designator: Old Designator=U? New Designator=U9
Change Component Designator: Old Designator=U? New Designator=U10
Change Component Designator: Old Designator=VR? New Designator=VR2
