Removed Pin From Net: NetName=+5 Pin=J11-1
Removed Pin From Net: NetName=+5 Pin=J11-2
Removed Pin From Net: NetName=+3V3 Pin=J11-3
Removed Pin From Net: NetName=+3V3 Pin=J11-4
Removed Pin From Net: NetName=GND Pin=J11-5
Removed Pin From Net: NetName=GND Pin=J11-6
Removed Pin From Net: NetName=GND Pin=J11-7
Removed Pin From Net: NetName=GND Pin=J11-8
Removed Pin From Net: NetName=PORTF.PF0 Pin=J11-9
Removed Pin From Net: NetName=PORTF.PF1 Pin=J11-10
Removed Pin From Net: NetName=PORTF.PF2 Pin=J11-11
Removed Pin From Net: NetName=PORTF.PF3 Pin=J11-12
Removed Pin From Net: NetName=PORTF.PF4 Pin=J11-13
Removed Pin From Net: NetName=PORTF.PF5 Pin=J11-14
Removed Pin From Net: NetName=PORTF.PF6 Pin=J11-15
Removed Pin From Net: NetName=PORTF.PF7 Pin=J11-16
Added Component: Designator=J11(HDR_2x8)
Add component (AddParameter): Name = "Category"; Value = "Connectors"; VariantName = "[No Variations]"
Add component (AddParameter): Name = "Color"; Value = "Black"; VariantName = "[No Variations]"
Add component (AddParameter): Name = "ComponentLink1Description"; Value = "https://media.digikey.com/pdf/Data%20Sheets/Sullins%20PDFs/Female_Headers.100_DS.pdf?src-supplier=Digi-Key"; VariantName = "[No Variations]"
Add component (AddParameter): Name = "ComponentLink1URL"; Value = "https://media.digikey.com/pdf/Data%20Sheets/Sullins%20PDFs/Female_Headers.100_DS.pdf?src-supplier=Digi-Key"; VariantName = "[No Variations]"
Add component (AddParameter): Name = "ComponentLink2Description"; Value = "http://www.sullinscorp.com/catalogs/101_Page80-81_HEADER_.100_2.54mm_FEMALE.pdf?src-supplier=Future+Electronics"; VariantName = "[No Variations]"
Add component (AddParameter): Name = "ComponentLink2URL"; Value = "http://www.sullinscorp.com/catalogs/101_Page80-81_HEADER_.100_2.54mm_FEMALE.pdf?src-supplier=Future+Electronics"; VariantName = "[No Variations]"
Add component (AddParameter): Name = "Connector Type"; Value = "Header"; VariantName = "[No Variations]"
Add component (AddParameter): Name = "Contact Material"; Value = "Bronze"; VariantName = "[No Variations]"
Add component (AddParameter): Name = "Contact Plating"; Value = "Gold"; VariantName = "[No Variations]"
Add component (AddParameter): Name = "Contact Type"; Value = "Female Socket"; VariantName = "[No Variations]"
Add component (AddParameter): Name = "Height"; Value = "8.5mm"; VariantName = "[No Variations]"
Add component (AddParameter): Name = "Housing Material"; Value = "Plastic"; VariantName = "[No Variations]"
Add component (AddParameter): Name = "Lead Free"; Value = "Lead Free"; VariantName = "[No Variations]"
Add component (AddParameter): Name = "Length"; Value = "20.8mm"; VariantName = "[No Variations]"
Add component (AddParameter): Name = "Manufacturer"; Value = "Sullins"; VariantName = "[No Variations]"
Add component (AddParameter): Name = "Manufacturer Part Number"; Value = "PPPC082LFBN-RC"; VariantName = "[No Variations]"
Add component (AddParameter): Name = "Mount"; Value = "Through Hole"; VariantName = "[No Variations]"
Add component (AddParameter): Name = "Number of Positions"; Value = "16"; VariantName = "[No Variations]"
Add component (AddParameter): Name = "Number of Rows"; Value = "2"; VariantName = "[No Variations]"
Add component (AddParameter): Name = "Package Quantity"; Value = "1000"; VariantName = "[No Variations]"
Add component (AddParameter): Name = "Packaging"; Value = "Bulk"; VariantName = "[No Variations]"
Add component (AddParameter): Name = "Pitch"; Value = "0.1inch"; VariantName = "[No Variations]"
Add component (AddParameter): Name = "Pricing 1"; Value = "1=1.03000, 10=0.90400, 100=0.78010, 500=0.63828, 1000=0.56736, 5000=0.51220 (USD)"; VariantName = "[No Variations]"
Add component (AddParameter): Name = "RoHS"; Value = "Yes"; VariantName = "[No Variations]"
Add component (AddParameter): Name = "RoHS Compliant"; Value = "Yes"; VariantName = "[No Variations]"
Add component (AddParameter): Name = "Row Spacing"; Value = "0.1inch"; VariantName = "[No Variations]"
Add component (AddParameter): Name = "Stock 1"; Value = "22838"; VariantName = "[No Variations]"
Add component (AddParameter): Name = "Supplier 1"; Value = "Digi-Key"; VariantName = "[No Variations]"
Add component (AddParameter): Name = "Supplier Part Number 1"; Value = "S7111-ND"; VariantName = "[No Variations]"
Add component (AddParameter): Name = "Termination"; Value = "Solder"; VariantName = "[No Variations]"
Add component (AddParameter): Name = "Width"; Value = "5mm"; VariantName = "[No Variations]"
Added Pin To Net: NetName=GND Pin=J11-1
Added Pin To Net: NetName=GND Pin=J11-2
Added Pin To Net: NetName=GND Pin=J11-3
Added Pin To Net: NetName=GND Pin=J11-4
Added Pin To Net: NetName=+3V3 Pin=J11-5
Added Pin To Net: NetName=+3V3 Pin=J11-6
Added Pin To Net: NetName=+5 Pin=J11-7
Added Pin To Net: NetName=+5 Pin=J11-8
Added Pin To Net: NetName=PORTF.PF7 Pin=J11-9
Added Pin To Net: NetName=PORTF.PF6 Pin=J11-10
Added Pin To Net: NetName=PORTF.PF5 Pin=J11-11
Added Pin To Net: NetName=PORTF.PF4 Pin=J11-12
Added Pin To Net: NetName=PORTF.PF3 Pin=J11-13
Added Pin To Net: NetName=PORTF.PF2 Pin=J11-14
Added Pin To Net: NetName=PORTF.PF1 Pin=J11-15
Added Pin To Net: NetName=PORTF.PF0 Pin=J11-16
Added Room: Name=Input Keys
Added Room: Name=Main
Added Room: Name=Ouput Displays
